app/build/intermediates/manifest_merge_blame_file/debug/manifest-merger-blame-debug-report.txt
1<?xml version="1.0" encoding="utf-8"?>
2<manifest xmlns:android="http://schemas.android.com/apk/res/android"
3    package="com.cifron.vet_v10"
4    android:versionCode="1"
5    android:versionName="1.0" >
6
7    <uses-sdk
8        android:minSdkVersion="19"
8-->src/main/AndroidManifest.xml
9        android:targetSdkVersion="30" />
9-->src/main/AndroidManifest.xml
10
11    <uses-permission android:name="android.permission.VIBRATE" />
11-->src/main/AndroidManifest.xml:5:5-66
11-->src/main/AndroidManifest.xml:5:22-63
12    <uses-permission android:name="android.permission.CAMERA" />
12-->src/main/AndroidManifest.xml:6:5-65
12-->src/main/AndroidManifest.xml:6:22-62
13    <uses-permission android:name="android.permission.READ_EXTERNAL_STORAGE" />
13-->src/main/AndroidManifest.xml:7:5-80
13-->src/main/AndroidManifest.xml:7:22-77
14    <uses-permission android:name="android.permission.WRITE_EXTERNAL_STORAGE" />
14-->src/main/AndroidManifest.xml:8:5-81
14-->src/main/AndroidManifest.xml:8:22-78
15    <uses-permission android:name="android.permission.INTERNET" />
15-->src/main/AndroidManifest.xml:9:5-67
15-->src/main/AndroidManifest.xml:9:22-64
16    <uses-permission android:name="android.permission.ACCESS_NETWORK_STATE" />
16-->src/main/AndroidManifest.xml:10:5-79
16-->src/main/AndroidManifest.xml:10:22-76
17    <uses-permission
17-->src/main/AndroidManifest.xml:11:5-13:43
18        android:name="android.permission.USE_BIOMETRIC"
18-->src/main/AndroidManifest.xml:12:9-56
19        android:requiredFeature="false" />
19-->src/main/AndroidManifest.xml:13:9-40
20
21    <!-- suppress DeprecatedClassUsageInspection -->
22    <uses-permission android:name="android.permission.USE_FINGERPRINT" />
22-->[androidx.biometric:biometric:1.1.0] AndroidManifest.xml:27:5-74
22-->[androidx.biometric:biometric:1.1.0] AndroidManifest.xml:27:22-71
23
24    <application
24-->src/main/AndroidManifest.xml:15:5-61:19
25        android:allowBackup="true"
25-->src/main/AndroidManifest.xml:16:9-35
26        android:appComponentFactory="androidx.core.app.CoreComponentFactory"
26-->[androidx.core:core:1.5.0] AndroidManifest.xml:24:18-86
27        android:debuggable="true"
28        android:icon="@drawable/main_logo"
28-->src/main/AndroidManifest.xml:17:9-43
29        android:label="@string/app_name"
29-->src/main/AndroidManifest.xml:18:9-41
30        android:roundIcon="@mipmap/ic_launcher_round"
30-->src/main/AndroidManifest.xml:19:9-54
31        android:screenOrientation="portrait"
31-->src/main/AndroidManifest.xml:20:9-45
32        android:supportsRtl="true"
32-->src/main/AndroidManifest.xml:21:9-35
33        android:testOnly="true"
34        android:theme="@style/Theme.Vet_v10" >
34-->src/main/AndroidManifest.xml:22:9-45
35        <activity android:name="com.cifron.vet_v10.DataSent" />
35-->src/main/AndroidManifest.xml:23:9-55
35-->src/main/AndroidManifest.xml:23:19-43
36        <activity android:name="com.cifron.vet_v10.EmptyActivity" />
36-->src/main/AndroidManifest.xml:24:9-51
36-->src/main/AndroidManifest.xml:24:19-48
37        <activity android:name="com.cifron.vet_v10.Page_Of_Owner" >
37-->src/main/AndroidManifest.xml:25:9-26:20
37-->src/main/AndroidManifest.xml:25:19-48
38        </activity>
39        <activity android:name="com.cifron.vet_v10.VetQyzmetPage" />
39-->src/main/AndroidManifest.xml:27:9-51
39-->src/main/AndroidManifest.xml:27:19-48
40        <activity android:name="com.cifron.vet_v10.LoginActiv" />
40-->src/main/AndroidManifest.xml:28:9-48
40-->src/main/AndroidManifest.xml:28:19-45
41        <activity android:name="com.cifron.vet_v10.FourPasswordIn" />
41-->src/main/AndroidManifest.xml:29:9-52
41-->src/main/AndroidManifest.xml:29:19-49
42        <activity android:name="com.cifron.vet_v10.CheckData" />
42-->src/main/AndroidManifest.xml:30:9-47
42-->src/main/AndroidManifest.xml:30:19-44
43        <activity android:name="com.cifron.vet_v10.splash" >
43-->src/main/AndroidManifest.xml:31:9-38:20
43-->src/main/AndroidManifest.xml:31:19-41
44            <intent-filter>
44-->src/main/AndroidManifest.xml:32:13-37:29
45                <action android:name="android.intent.action.MAIN" />
45-->src/main/AndroidManifest.xml:33:17-69
45-->src/main/AndroidManifest.xml:33:25-66
46
47                <category android:name="android.intent.category.LAUNCHER" />
47-->src/main/AndroidManifest.xml:35:17-76
47-->src/main/AndroidManifest.xml:35:27-74
48            </intent-filter>
49        </activity>
50        <activity
50-->src/main/AndroidManifest.xml:39:9-42:15
51            android:name="com.cifron.vet_v10.Registration"
51-->src/main/AndroidManifest.xml:40:13-41
52            android:screenOrientation="portrait" />
52-->src/main/AndroidManifest.xml:41:13-49
53        <activity android:name="com.cifron.vet_v10.FormsLoc" />
53-->src/main/AndroidManifest.xml:43:9-46
53-->src/main/AndroidManifest.xml:43:19-43
54        <activity android:name="com.cifron.vet_v10.BigPage" />
54-->src/main/AndroidManifest.xml:44:9-45
54-->src/main/AndroidManifest.xml:44:19-42
55        <activity android:name="com.cifron.vet_v10.EachAnimal" />
55-->src/main/AndroidManifest.xml:45:9-48
55-->src/main/AndroidManifest.xml:45:19-45
56        <activity android:name="com.cifron.vet_v10.All" />
56-->src/main/AndroidManifest.xml:46:9-41
56-->src/main/AndroidManifest.xml:46:19-38
57        <activity android:name="com.cifron.vet_v10.Personal" />
57-->src/main/AndroidManifest.xml:47:9-45
57-->src/main/AndroidManifest.xml:47:19-43
58        <activity android:name="com.cifron.vet_v10.Audandar" />
58-->src/main/AndroidManifest.xml:48:9-46
58-->src/main/AndroidManifest.xml:48:19-43
59        <activity android:name="com.cifron.vet_v10.Tasks" />
59-->src/main/AndroidManifest.xml:49:9-43
59-->src/main/AndroidManifest.xml:49:19-40
60        <activity android:name="com.cifron.vet_v10.MainActivity" >
60-->src/main/AndroidManifest.xml:50:9-56:20
60-->src/main/AndroidManifest.xml:50:19-47
61            <intent-filter>
61-->src/main/AndroidManifest.xml:51:13-55:29
62                <action android:name="android.intent.action.MAIN" />
62-->src/main/AndroidManifest.xml:33:17-69
62-->src/main/AndroidManifest.xml:33:25-66
63
64                <category android:name="android.intent.category.DEFAULT" />
64-->src/main/AndroidManifest.xml:54:17-76
64-->src/main/AndroidManifest.xml:54:27-73
65            </intent-filter>
66        </activity>
67
68        <meta-data
68-->src/main/AndroidManifest.xml:58:9-60:57
69            android:name="preloaded_fonts"
69-->src/main/AndroidManifest.xml:59:13-43
70            android:resource="@array/preloaded_fonts" />
70-->src/main/AndroidManifest.xml:60:13-54
71    </application>
72
73</manifest>